{
  "RSpec": {
    "coverage": {
      "/home/remarkable-middleware-5891/tic-tac-toe-rb-online-web-sp-000/lib/tic_tac_toe.rb": [
        null,
        1,
        null,
        null,
        null,
        null,
        null,
        null,
        null,
        null,
        1,
        17,
        17,
        17,
        17,
        17,
        null,
        null,
        1,
        17,
        null,
        null,
        1,
        17,
        null,
        null,
        1,
        17,
        17,
        null,
        0,
        null,
        null,
        null,
        1,
        17,
        17,
        null,
        0,
        null,
        null,
        null,
        1,
        50,
        50,
        null,
        324,
        324,
        null,
        324,
        972,
        null,
        null,
        324,
        16,
        null,
        null,
        308,
        308,
        null,
        null,
        null,
        null,
        1,
        26,
        108,
        null,
        26,
        22,
        null,
        4,
        null,
        null,
        null,
        1,
        16,
        4,
        null,
        12,
        null,
        null,
        null,
        1,
        18,
        8,
        null,
        null,
        null,
        1,
        4,
        0,
        null,
        4,
        null,
        null,
        1,
        17,
        17,
        17,
        17,
        17,
        17,
        17,
        null,
        null,
        17,
        null,
        null,
        null,
        1,
        12,
        17,
        null,
        12,
        5,
        7,
        3,
        null,
        null,
        null,
        1,
        17,
        153,
        null,
        17,
        null,
        null,
        1,
        17,
        11,
        null,
        6,
        null,
        null
      ]
    },
    "timestamp": 1603476354
  }
}
