{
  "RSpec": {
    "coverage": {
      "/home/remarkable-middleware-5891/tic-tac-toe-rb-online-web-sp-000/lib/tic_tac_toe.rb": [
        null,
        1,
        null,
        null,
        null,
        null,
        null,
        null,
        null,
        null,
        1,
        4,
        4,
        4,
        4,
        4,
        null,
        null,
        1,
        6,
        null,
        null,
        1,
        5,
        null,
        null,
        1,
        8,
        5,
        null,
        3,
        null,
        null,
        null,
        1,
        6,
        3,
        null,
        3,
        null,
        null,
        null,
        1,
        16,
        16,
        null,
        113,
        113,
        null,
        113,
        339,
        null,
        null,
        113,
        8,
        null,
        null,
        105,
        105,
        null,
        null,
        null,
        null,
        1,
        7,
        42,
        null,
        7,
        3,
        null,
        4,
        null,
        null,
        null,
        1,
        7,
        3,
        null,
        4,
        null,
        null,
        null,
        1,
        3,
        2,
        null,
        null,
        null,
        1,
        3,
        1,
        null,
        2,
        null,
        null,
        1,
        2,
        3,
        3,
        3,
        3,
        2,
        2,
        null,
        null,
        2,
        null,
        null,
        null,
        1,
        0,
        0,
        0,
        0,
        null,
        null,
        null,
        1,
        4,
        36,
        null,
        4,
        null,
        null,
        1,
        3,
        3,
        null,
        0,
        null,
        null
      ]
    },
    "timestamp": 1603475384
  }
}
